CRITICAL - 2022-01-03 19:50:05 --> The framework needs the following extension(s) installed and loaded: intl.
#0 D:\Soft\xampp8\htdocs\php-message-api\system\CodeIgniter.php(219): CodeIgniter\Exceptions\FrameworkException::forMissingExtension('intl')
#1 D:\Soft\xampp8\htdocs\php-message-api\system\CodeIgniter.php(177): CodeIgniter\CodeIgniter->resolvePlatformExtensions()
#2 D:\Soft\xampp8\htdocs\php-message-api\system\bootstrap.php(146): CodeIgniter\CodeIgniter->initialize()
#3 D:\Soft\xampp8\htdocs\php-message-api\public\index.php(28): require('D:\\Soft\\xampp8\\...')
#4 {main}
CRITICAL - 2022-01-03 19:51:23 --> The framework needs the following extension(s) installed and loaded: intl.
#0 D:\Soft\xampp8\htdocs\php-message-api\system\CodeIgniter.php(219): CodeIgniter\Exceptions\FrameworkException::forMissingExtension('intl')
#1 D:\Soft\xampp8\htdocs\php-message-api\system\CodeIgniter.php(177): CodeIgniter\CodeIgniter->resolvePlatformExtensions()
#2 D:\Soft\xampp8\htdocs\php-message-api\system\bootstrap.php(146): CodeIgniter\CodeIgniter->initialize()
#3 D:\Soft\xampp8\htdocs\php-message-api\public\index.php(28): require('D:\\Soft\\xampp8\\...')
#4 {main}
CRITICAL - 2022-01-03 19:51:24 --> The framework needs the following extension(s) installed and loaded: intl.
#0 D:\Soft\xampp8\htdocs\php-message-api\system\CodeIgniter.php(219): CodeIgniter\Exceptions\FrameworkException::forMissingExtension('intl')
#1 D:\Soft\xampp8\htdocs\php-message-api\system\CodeIgniter.php(177): CodeIgniter\CodeIgniter->resolvePlatformExtensions()
#2 D:\Soft\xampp8\htdocs\php-message-api\system\bootstrap.php(146): CodeIgniter\CodeIgniter->initialize()
#3 D:\Soft\xampp8\htdocs\php-message-api\public\index.php(28): require('D:\\Soft\\xampp8\\...')
#4 {main}
CRITICAL - 2022-01-03 19:51:25 --> The framework needs the following extension(s) installed and loaded: intl.
#0 D:\Soft\xampp8\htdocs\php-message-api\system\CodeIgniter.php(219): CodeIgniter\Exceptions\FrameworkException::forMissingExtension('intl')
#1 D:\Soft\xampp8\htdocs\php-message-api\system\CodeIgniter.php(177): CodeIgniter\CodeIgniter->resolvePlatformExtensions()
#2 D:\Soft\xampp8\htdocs\php-message-api\system\bootstrap.php(146): CodeIgniter\CodeIgniter->initialize()
#3 D:\Soft\xampp8\htdocs\php-message-api\public\index.php(28): require('D:\\Soft\\xampp8\\...')
#4 {main}
CRITICAL - 2022-01-03 19:51:53 --> The framework needs the following extension(s) installed and loaded: intl.
#0 D:\Soft\xampp8\htdocs\php-message-api\system\CodeIgniter.php(219): CodeIgniter\Exceptions\FrameworkException::forMissingExtension('intl')
#1 D:\Soft\xampp8\htdocs\php-message-api\system\CodeIgniter.php(177): CodeIgniter\CodeIgniter->resolvePlatformExtensions()
#2 D:\Soft\xampp8\htdocs\php-message-api\system\bootstrap.php(146): CodeIgniter\CodeIgniter->initialize()
#3 D:\Soft\xampp8\htdocs\php-message-api\public\index.php(28): require('D:\\Soft\\xampp8\\...')
#4 {main}
CRITICAL - 2022-01-03 19:51:53 --> Uncaught ErrorException: strtolower(): Passing null to parameter #1 ($string) of type string is deprecated in D:\Soft\xampp8\htdocs\php-message-api\system\Validation\FormatRules.php:253
Stack trace:
#0 [internal function]: CodeIgniter\Debug\Exceptions->errorHandler(8192, 'strtolower(): P...', 'D:\\Soft\\xampp8\\...', 253)
#1 D:\Soft\xampp8\htdocs\php-message-api\system\Validation\FormatRules.php(253): strtolower(NULL)
#2 D:\Soft\xampp8\htdocs\php-message-api\system\HTTP\RequestTrait.php(151): CodeIgniter\Validation\FormatRules->valid_ip('127.0.0.1')
#3 D:\Soft\xampp8\htdocs\php-message-api\app\Views\errors\html\error_exception.php(206): CodeIgniter\HTTP\Request->getIPAddress()
#4 D:\Soft\xampp8\htdocs\php-message-api\system\Debug\Exceptions.php(229): include('D:\\Soft\\xampp8\\...')
#5 D:\Soft\xampp8\htdocs\php-message-api\system\Debug\Exceptions.php(232): CodeIgniter\Debug\Exceptions->CodeIgniter\Debug\{closure}()
#6 D:\Soft\xampp8\htdocs\php-message-api\system\Debug\Exceptions.php(116): CodeIgniter\Debug\Exceptions->render(Object(CodeIgniter\Exceptions\FrameworkException), 500)
#7 [internal function]: CodeIgniter\Debug\Exceptions->exceptionHandler(Object(CodeIgniter\Exceptions\FrameworkException))
#8 {main}
  thrown
#0 [internal function]: CodeIgniter\Debug\Exceptions->shutdownHandler()
#1 {main}
CRITICAL - 2022-01-03 19:52:34 --> The framework needs the following extension(s) installed and loaded: intl.
#0 D:\Soft\xampp8\htdocs\php-message-api\system\CodeIgniter.php(219): CodeIgniter\Exceptions\FrameworkException::forMissingExtension('intl')
#1 D:\Soft\xampp8\htdocs\php-message-api\system\CodeIgniter.php(177): CodeIgniter\CodeIgniter->resolvePlatformExtensions()
#2 D:\Soft\xampp8\htdocs\php-message-api\system\bootstrap.php(146): CodeIgniter\CodeIgniter->initialize()
#3 D:\Soft\xampp8\htdocs\php-message-api\public\index.php(28): require('D:\\Soft\\xampp8\\...')
#4 {main}
CRITICAL - 2022-01-03 19:52:34 --> Uncaught ErrorException: strtolower(): Passing null to parameter #1 ($string) of type string is deprecated in D:\Soft\xampp8\htdocs\php-message-api\system\Validation\FormatRules.php:253
Stack trace:
#0 [internal function]: CodeIgniter\Debug\Exceptions->errorHandler(8192, 'strtolower(): P...', 'D:\\Soft\\xampp8\\...', 253)
#1 D:\Soft\xampp8\htdocs\php-message-api\system\Validation\FormatRules.php(253): strtolower(NULL)
#2 D:\Soft\xampp8\htdocs\php-message-api\system\HTTP\RequestTrait.php(151): CodeIgniter\Validation\FormatRules->valid_ip('127.0.0.1')
#3 D:\Soft\xampp8\htdocs\php-message-api\app\Views\errors\html\error_exception.php(206): CodeIgniter\HTTP\Request->getIPAddress()
#4 D:\Soft\xampp8\htdocs\php-message-api\system\Debug\Exceptions.php(229): include('D:\\Soft\\xampp8\\...')
#5 D:\Soft\xampp8\htdocs\php-message-api\system\Debug\Exceptions.php(232): CodeIgniter\Debug\Exceptions->CodeIgniter\Debug\{closure}()
#6 D:\Soft\xampp8\htdocs\php-message-api\system\Debug\Exceptions.php(116): CodeIgniter\Debug\Exceptions->render(Object(CodeIgniter\Exceptions\FrameworkException), 500)
#7 [internal function]: CodeIgniter\Debug\Exceptions->exceptionHandler(Object(CodeIgniter\Exceptions\FrameworkException))
#8 {main}
  thrown
#0 [internal function]: CodeIgniter\Debug\Exceptions->shutdownHandler()
#1 {main}
CRITICAL - 2022-01-03 19:52:35 --> The framework needs the following extension(s) installed and loaded: intl.
#0 D:\Soft\xampp8\htdocs\php-message-api\system\CodeIgniter.php(219): CodeIgniter\Exceptions\FrameworkException::forMissingExtension('intl')
#1 D:\Soft\xampp8\htdocs\php-message-api\system\CodeIgniter.php(177): CodeIgniter\CodeIgniter->resolvePlatformExtensions()
#2 D:\Soft\xampp8\htdocs\php-message-api\system\bootstrap.php(146): CodeIgniter\CodeIgniter->initialize()
#3 D:\Soft\xampp8\htdocs\php-message-api\public\index.php(28): require('D:\\Soft\\xampp8\\...')
#4 {main}
CRITICAL - 2022-01-03 19:52:35 --> Uncaught ErrorException: strtolower(): Passing null to parameter #1 ($string) of type string is deprecated in D:\Soft\xampp8\htdocs\php-message-api\system\Validation\FormatRules.php:253
Stack trace:
#0 [internal function]: CodeIgniter\Debug\Exceptions->errorHandler(8192, 'strtolower(): P...', 'D:\\Soft\\xampp8\\...', 253)
#1 D:\Soft\xampp8\htdocs\php-message-api\system\Validation\FormatRules.php(253): strtolower(NULL)
#2 D:\Soft\xampp8\htdocs\php-message-api\system\HTTP\RequestTrait.php(151): CodeIgniter\Validation\FormatRules->valid_ip('127.0.0.1')
#3 D:\Soft\xampp8\htdocs\php-message-api\app\Views\errors\html\error_exception.php(206): CodeIgniter\HTTP\Request->getIPAddress()
#4 D:\Soft\xampp8\htdocs\php-message-api\system\Debug\Exceptions.php(229): include('D:\\Soft\\xampp8\\...')
#5 D:\Soft\xampp8\htdocs\php-message-api\system\Debug\Exceptions.php(232): CodeIgniter\Debug\Exceptions->CodeIgniter\Debug\{closure}()
#6 D:\Soft\xampp8\htdocs\php-message-api\system\Debug\Exceptions.php(116): CodeIgniter\Debug\Exceptions->render(Object(CodeIgniter\Exceptions\FrameworkException), 500)
#7 [internal function]: CodeIgniter\Debug\Exceptions->exceptionHandler(Object(CodeIgniter\Exceptions\FrameworkException))
#8 {main}
  thrown
#0 [internal function]: CodeIgniter\Debug\Exceptions->shutdownHandler()
#1 {main}
CRITICAL - 2022-01-03 19:52:36 --> The framework needs the following extension(s) installed and loaded: intl.
#0 D:\Soft\xampp8\htdocs\php-message-api\system\CodeIgniter.php(219): CodeIgniter\Exceptions\FrameworkException::forMissingExtension('intl')
#1 D:\Soft\xampp8\htdocs\php-message-api\system\CodeIgniter.php(177): CodeIgniter\CodeIgniter->resolvePlatformExtensions()
#2 D:\Soft\xampp8\htdocs\php-message-api\system\bootstrap.php(146): CodeIgniter\CodeIgniter->initialize()
#3 D:\Soft\xampp8\htdocs\php-message-api\public\index.php(28): require('D:\\Soft\\xampp8\\...')
#4 {main}
CRITICAL - 2022-01-03 19:52:36 --> Uncaught ErrorException: strtolower(): Passing null to parameter #1 ($string) of type string is deprecated in D:\Soft\xampp8\htdocs\php-message-api\system\Validation\FormatRules.php:253
Stack trace:
#0 [internal function]: CodeIgniter\Debug\Exceptions->errorHandler(8192, 'strtolower(): P...', 'D:\\Soft\\xampp8\\...', 253)
#1 D:\Soft\xampp8\htdocs\php-message-api\system\Validation\FormatRules.php(253): strtolower(NULL)
#2 D:\Soft\xampp8\htdocs\php-message-api\system\HTTP\RequestTrait.php(151): CodeIgniter\Validation\FormatRules->valid_ip('127.0.0.1')
#3 D:\Soft\xampp8\htdocs\php-message-api\app\Views\errors\html\error_exception.php(206): CodeIgniter\HTTP\Request->getIPAddress()
#4 D:\Soft\xampp8\htdocs\php-message-api\system\Debug\Exceptions.php(229): include('D:\\Soft\\xampp8\\...')
#5 D:\Soft\xampp8\htdocs\php-message-api\system\Debug\Exceptions.php(232): CodeIgniter\Debug\Exceptions->CodeIgniter\Debug\{closure}()
#6 D:\Soft\xampp8\htdocs\php-message-api\system\Debug\Exceptions.php(116): CodeIgniter\Debug\Exceptions->render(Object(CodeIgniter\Exceptions\FrameworkException), 500)
#7 [internal function]: CodeIgniter\Debug\Exceptions->exceptionHandler(Object(CodeIgniter\Exceptions\FrameworkException))
#8 {main}
  thrown
#0 [internal function]: CodeIgniter\Debug\Exceptions->shutdownHandler()
#1 {main}
CRITICAL - 2022-01-03 19:52:36 --> The framework needs the following extension(s) installed and loaded: intl.
#0 D:\Soft\xampp8\htdocs\php-message-api\system\CodeIgniter.php(219): CodeIgniter\Exceptions\FrameworkException::forMissingExtension('intl')
#1 D:\Soft\xampp8\htdocs\php-message-api\system\CodeIgniter.php(177): CodeIgniter\CodeIgniter->resolvePlatformExtensions()
#2 D:\Soft\xampp8\htdocs\php-message-api\system\bootstrap.php(146): CodeIgniter\CodeIgniter->initialize()
#3 D:\Soft\xampp8\htdocs\php-message-api\public\index.php(28): require('D:\\Soft\\xampp8\\...')
#4 {main}
CRITICAL - 2022-01-03 19:52:36 --> Uncaught ErrorException: strtolower(): Passing null to parameter #1 ($string) of type string is deprecated in D:\Soft\xampp8\htdocs\php-message-api\system\Validation\FormatRules.php:253
Stack trace:
#0 [internal function]: CodeIgniter\Debug\Exceptions->errorHandler(8192, 'strtolower(): P...', 'D:\\Soft\\xampp8\\...', 253)
#1 D:\Soft\xampp8\htdocs\php-message-api\system\Validation\FormatRules.php(253): strtolower(NULL)
#2 D:\Soft\xampp8\htdocs\php-message-api\system\HTTP\RequestTrait.php(151): CodeIgniter\Validation\FormatRules->valid_ip('127.0.0.1')
#3 D:\Soft\xampp8\htdocs\php-message-api\app\Views\errors\html\error_exception.php(206): CodeIgniter\HTTP\Request->getIPAddress()
#4 D:\Soft\xampp8\htdocs\php-message-api\system\Debug\Exceptions.php(229): include('D:\\Soft\\xampp8\\...')
#5 D:\Soft\xampp8\htdocs\php-message-api\system\Debug\Exceptions.php(232): CodeIgniter\Debug\Exceptions->CodeIgniter\Debug\{closure}()
#6 D:\Soft\xampp8\htdocs\php-message-api\system\Debug\Exceptions.php(116): CodeIgniter\Debug\Exceptions->render(Object(CodeIgniter\Exceptions\FrameworkException), 500)
#7 [internal function]: CodeIgniter\Debug\Exceptions->exceptionHandler(Object(CodeIgniter\Exceptions\FrameworkException))
#8 {main}
  thrown
#0 [internal function]: CodeIgniter\Debug\Exceptions->shutdownHandler()
#1 {main}
CRITICAL - 2022-01-03 19:52:36 --> The framework needs the following extension(s) installed and loaded: intl.
#0 D:\Soft\xampp8\htdocs\php-message-api\system\CodeIgniter.php(219): CodeIgniter\Exceptions\FrameworkException::forMissingExtension('intl')
#1 D:\Soft\xampp8\htdocs\php-message-api\system\CodeIgniter.php(177): CodeIgniter\CodeIgniter->resolvePlatformExtensions()
#2 D:\Soft\xampp8\htdocs\php-message-api\system\bootstrap.php(146): CodeIgniter\CodeIgniter->initialize()
#3 D:\Soft\xampp8\htdocs\php-message-api\public\index.php(28): require('D:\\Soft\\xampp8\\...')
#4 {main}
CRITICAL - 2022-01-03 19:52:36 --> Uncaught ErrorException: strtolower(): Passing null to parameter #1 ($string) of type string is deprecated in D:\Soft\xampp8\htdocs\php-message-api\system\Validation\FormatRules.php:253
Stack trace:
#0 [internal function]: CodeIgniter\Debug\Exceptions->errorHandler(8192, 'strtolower(): P...', 'D:\\Soft\\xampp8\\...', 253)
#1 D:\Soft\xampp8\htdocs\php-message-api\system\Validation\FormatRules.php(253): strtolower(NULL)
#2 D:\Soft\xampp8\htdocs\php-message-api\system\HTTP\RequestTrait.php(151): CodeIgniter\Validation\FormatRules->valid_ip('127.0.0.1')
#3 D:\Soft\xampp8\htdocs\php-message-api\app\Views\errors\html\error_exception.php(206): CodeIgniter\HTTP\Request->getIPAddress()
#4 D:\Soft\xampp8\htdocs\php-message-api\system\Debug\Exceptions.php(229): include('D:\\Soft\\xampp8\\...')
#5 D:\Soft\xampp8\htdocs\php-message-api\system\Debug\Exceptions.php(232): CodeIgniter\Debug\Exceptions->CodeIgniter\Debug\{closure}()
#6 D:\Soft\xampp8\htdocs\php-message-api\system\Debug\Exceptions.php(116): CodeIgniter\Debug\Exceptions->render(Object(CodeIgniter\Exceptions\FrameworkException), 500)
#7 [internal function]: CodeIgniter\Debug\Exceptions->exceptionHandler(Object(CodeIgniter\Exceptions\FrameworkException))
#8 {main}
  thrown
#0 [internal function]: CodeIgniter\Debug\Exceptions->shutdownHandler()
#1 {main}
CRITICAL - 2022-01-03 19:52:36 --> The framework needs the following extension(s) installed and loaded: intl.
#0 D:\Soft\xampp8\htdocs\php-message-api\system\CodeIgniter.php(219): CodeIgniter\Exceptions\FrameworkException::forMissingExtension('intl')
#1 D:\Soft\xampp8\htdocs\php-message-api\system\CodeIgniter.php(177): CodeIgniter\CodeIgniter->resolvePlatformExtensions()
#2 D:\Soft\xampp8\htdocs\php-message-api\system\bootstrap.php(146): CodeIgniter\CodeIgniter->initialize()
#3 D:\Soft\xampp8\htdocs\php-message-api\public\index.php(28): require('D:\\Soft\\xampp8\\...')
#4 {main}
CRITICAL - 2022-01-03 19:52:36 --> Uncaught ErrorException: strtolower(): Passing null to parameter #1 ($string) of type string is deprecated in D:\Soft\xampp8\htdocs\php-message-api\system\Validation\FormatRules.php:253
Stack trace:
#0 [internal function]: CodeIgniter\Debug\Exceptions->errorHandler(8192, 'strtolower(): P...', 'D:\\Soft\\xampp8\\...', 253)
#1 D:\Soft\xampp8\htdocs\php-message-api\system\Validation\FormatRules.php(253): strtolower(NULL)
#2 D:\Soft\xampp8\htdocs\php-message-api\system\HTTP\RequestTrait.php(151): CodeIgniter\Validation\FormatRules->valid_ip('127.0.0.1')
#3 D:\Soft\xampp8\htdocs\php-message-api\app\Views\errors\html\error_exception.php(206): CodeIgniter\HTTP\Request->getIPAddress()
#4 D:\Soft\xampp8\htdocs\php-message-api\system\Debug\Exceptions.php(229): include('D:\\Soft\\xampp8\\...')
#5 D:\Soft\xampp8\htdocs\php-message-api\system\Debug\Exceptions.php(232): CodeIgniter\Debug\Exceptions->CodeIgniter\Debug\{closure}()
#6 D:\Soft\xampp8\htdocs\php-message-api\system\Debug\Exceptions.php(116): CodeIgniter\Debug\Exceptions->render(Object(CodeIgniter\Exceptions\FrameworkException), 500)
#7 [internal function]: CodeIgniter\Debug\Exceptions->exceptionHandler(Object(CodeIgniter\Exceptions\FrameworkException))
#8 {main}
  thrown
#0 [internal function]: CodeIgniter\Debug\Exceptions->shutdownHandler()
#1 {main}
CRITICAL - 2022-01-03 19:52:36 --> The framework needs the following extension(s) installed and loaded: intl.
#0 D:\Soft\xampp8\htdocs\php-message-api\system\CodeIgniter.php(219): CodeIgniter\Exceptions\FrameworkException::forMissingExtension('intl')
#1 D:\Soft\xampp8\htdocs\php-message-api\system\CodeIgniter.php(177): CodeIgniter\CodeIgniter->resolvePlatformExtensions()
#2 D:\Soft\xampp8\htdocs\php-message-api\system\bootstrap.php(146): CodeIgniter\CodeIgniter->initialize()
#3 D:\Soft\xampp8\htdocs\php-message-api\public\index.php(28): require('D:\\Soft\\xampp8\\...')
#4 {main}
CRITICAL - 2022-01-03 19:52:36 --> Uncaught ErrorException: strtolower(): Passing null to parameter #1 ($string) of type string is deprecated in D:\Soft\xampp8\htdocs\php-message-api\system\Validation\FormatRules.php:253
Stack trace:
#0 [internal function]: CodeIgniter\Debug\Exceptions->errorHandler(8192, 'strtolower(): P...', 'D:\\Soft\\xampp8\\...', 253)
#1 D:\Soft\xampp8\htdocs\php-message-api\system\Validation\FormatRules.php(253): strtolower(NULL)
#2 D:\Soft\xampp8\htdocs\php-message-api\system\HTTP\RequestTrait.php(151): CodeIgniter\Validation\FormatRules->valid_ip('127.0.0.1')
#3 D:\Soft\xampp8\htdocs\php-message-api\app\Views\errors\html\error_exception.php(206): CodeIgniter\HTTP\Request->getIPAddress()
#4 D:\Soft\xampp8\htdocs\php-message-api\system\Debug\Exceptions.php(229): include('D:\\Soft\\xampp8\\...')
#5 D:\Soft\xampp8\htdocs\php-message-api\system\Debug\Exceptions.php(232): CodeIgniter\Debug\Exceptions->CodeIgniter\Debug\{closure}()
#6 D:\Soft\xampp8\htdocs\php-message-api\system\Debug\Exceptions.php(116): CodeIgniter\Debug\Exceptions->render(Object(CodeIgniter\Exceptions\FrameworkException), 500)
#7 [internal function]: CodeIgniter\Debug\Exceptions->exceptionHandler(Object(CodeIgniter\Exceptions\FrameworkException))
#8 {main}
  thrown
#0 [internal function]: CodeIgniter\Debug\Exceptions->shutdownHandler()
#1 {main}
CRITICAL - 2022-01-03 19:52:37 --> The framework needs the following extension(s) installed and loaded: intl.
#0 D:\Soft\xampp8\htdocs\php-message-api\system\CodeIgniter.php(219): CodeIgniter\Exceptions\FrameworkException::forMissingExtension('intl')
#1 D:\Soft\xampp8\htdocs\php-message-api\system\CodeIgniter.php(177): CodeIgniter\CodeIgniter->resolvePlatformExtensions()
#2 D:\Soft\xampp8\htdocs\php-message-api\system\bootstrap.php(146): CodeIgniter\CodeIgniter->initialize()
#3 D:\Soft\xampp8\htdocs\php-message-api\public\index.php(28): require('D:\\Soft\\xampp8\\...')
#4 {main}
CRITICAL - 2022-01-03 19:52:37 --> Uncaught ErrorException: strtolower(): Passing null to parameter #1 ($string) of type string is deprecated in D:\Soft\xampp8\htdocs\php-message-api\system\Validation\FormatRules.php:253
Stack trace:
#0 [internal function]: CodeIgniter\Debug\Exceptions->errorHandler(8192, 'strtolower(): P...', 'D:\\Soft\\xampp8\\...', 253)
#1 D:\Soft\xampp8\htdocs\php-message-api\system\Validation\FormatRules.php(253): strtolower(NULL)
#2 D:\Soft\xampp8\htdocs\php-message-api\system\HTTP\RequestTrait.php(151): CodeIgniter\Validation\FormatRules->valid_ip('127.0.0.1')
#3 D:\Soft\xampp8\htdocs\php-message-api\app\Views\errors\html\error_exception.php(206): CodeIgniter\HTTP\Request->getIPAddress()
#4 D:\Soft\xampp8\htdocs\php-message-api\system\Debug\Exceptions.php(229): include('D:\\Soft\\xampp8\\...')
#5 D:\Soft\xampp8\htdocs\php-message-api\system\Debug\Exceptions.php(232): CodeIgniter\Debug\Exceptions->CodeIgniter\Debug\{closure}()
#6 D:\Soft\xampp8\htdocs\php-message-api\system\Debug\Exceptions.php(116): CodeIgniter\Debug\Exceptions->render(Object(CodeIgniter\Exceptions\FrameworkException), 500)
#7 [internal function]: CodeIgniter\Debug\Exceptions->exceptionHandler(Object(CodeIgniter\Exceptions\FrameworkException))
#8 {main}
  thrown
#0 [internal function]: CodeIgniter\Debug\Exceptions->shutdownHandler()
#1 {main}
CRITICAL - 2022-01-03 19:52:37 --> The framework needs the following extension(s) installed and loaded: intl.
#0 D:\Soft\xampp8\htdocs\php-message-api\system\CodeIgniter.php(219): CodeIgniter\Exceptions\FrameworkException::forMissingExtension('intl')
#1 D:\Soft\xampp8\htdocs\php-message-api\system\CodeIgniter.php(177): CodeIgniter\CodeIgniter->resolvePlatformExtensions()
#2 D:\Soft\xampp8\htdocs\php-message-api\system\bootstrap.php(146): CodeIgniter\CodeIgniter->initialize()
#3 D:\Soft\xampp8\htdocs\php-message-api\public\index.php(28): require('D:\\Soft\\xampp8\\...')
#4 {main}
CRITICAL - 2022-01-03 19:52:37 --> Uncaught ErrorException: strtolower(): Passing null to parameter #1 ($string) of type string is deprecated in D:\Soft\xampp8\htdocs\php-message-api\system\Validation\FormatRules.php:253
Stack trace:
#0 [internal function]: CodeIgniter\Debug\Exceptions->errorHandler(8192, 'strtolower(): P...', 'D:\\Soft\\xampp8\\...', 253)
#1 D:\Soft\xampp8\htdocs\php-message-api\system\Validation\FormatRules.php(253): strtolower(NULL)
#2 D:\Soft\xampp8\htdocs\php-message-api\system\HTTP\RequestTrait.php(151): CodeIgniter\Validation\FormatRules->valid_ip('127.0.0.1')
#3 D:\Soft\xampp8\htdocs\php-message-api\app\Views\errors\html\error_exception.php(206): CodeIgniter\HTTP\Request->getIPAddress()
#4 D:\Soft\xampp8\htdocs\php-message-api\system\Debug\Exceptions.php(229): include('D:\\Soft\\xampp8\\...')
#5 D:\Soft\xampp8\htdocs\php-message-api\system\Debug\Exceptions.php(232): CodeIgniter\Debug\Exceptions->CodeIgniter\Debug\{closure}()
#6 D:\Soft\xampp8\htdocs\php-message-api\system\Debug\Exceptions.php(116): CodeIgniter\Debug\Exceptions->render(Object(CodeIgniter\Exceptions\FrameworkException), 500)
#7 [internal function]: CodeIgniter\Debug\Exceptions->exceptionHandler(Object(CodeIgniter\Exceptions\FrameworkException))
#8 {main}
  thrown
#0 [internal function]: CodeIgniter\Debug\Exceptions->shutdownHandler()
#1 {main}
CRITICAL - 2022-01-03 19:52:37 --> The framework needs the following extension(s) installed and loaded: intl.
#0 D:\Soft\xampp8\htdocs\php-message-api\system\CodeIgniter.php(219): CodeIgniter\Exceptions\FrameworkException::forMissingExtension('intl')
#1 D:\Soft\xampp8\htdocs\php-message-api\system\CodeIgniter.php(177): CodeIgniter\CodeIgniter->resolvePlatformExtensions()
#2 D:\Soft\xampp8\htdocs\php-message-api\system\bootstrap.php(146): CodeIgniter\CodeIgniter->initialize()
#3 D:\Soft\xampp8\htdocs\php-message-api\public\index.php(28): require('D:\\Soft\\xampp8\\...')
#4 {main}
CRITICAL - 2022-01-03 19:52:37 --> Uncaught ErrorException: strtolower(): Passing null to parameter #1 ($string) of type string is deprecated in D:\Soft\xampp8\htdocs\php-message-api\system\Validation\FormatRules.php:253
Stack trace:
#0 [internal function]: CodeIgniter\Debug\Exceptions->errorHandler(8192, 'strtolower(): P...', 'D:\\Soft\\xampp8\\...', 253)
#1 D:\Soft\xampp8\htdocs\php-message-api\system\Validation\FormatRules.php(253): strtolower(NULL)
#2 D:\Soft\xampp8\htdocs\php-message-api\system\HTTP\RequestTrait.php(151): CodeIgniter\Validation\FormatRules->valid_ip('127.0.0.1')
#3 D:\Soft\xampp8\htdocs\php-message-api\app\Views\errors\html\error_exception.php(206): CodeIgniter\HTTP\Request->getIPAddress()
#4 D:\Soft\xampp8\htdocs\php-message-api\system\Debug\Exceptions.php(229): include('D:\\Soft\\xampp8\\...')
#5 D:\Soft\xampp8\htdocs\php-message-api\system\Debug\Exceptions.php(232): CodeIgniter\Debug\Exceptions->CodeIgniter\Debug\{closure}()
#6 D:\Soft\xampp8\htdocs\php-message-api\system\Debug\Exceptions.php(116): CodeIgniter\Debug\Exceptions->render(Object(CodeIgniter\Exceptions\FrameworkException), 500)
#7 [internal function]: CodeIgniter\Debug\Exceptions->exceptionHandler(Object(CodeIgniter\Exceptions\FrameworkException))
#8 {main}
  thrown
#0 [internal function]: CodeIgniter\Debug\Exceptions->shutdownHandler()
#1 {main}
CRITICAL - 2022-01-03 19:52:37 --> The framework needs the following extension(s) installed and loaded: intl.
#0 D:\Soft\xampp8\htdocs\php-message-api\system\CodeIgniter.php(219): CodeIgniter\Exceptions\FrameworkException::forMissingExtension('intl')
#1 D:\Soft\xampp8\htdocs\php-message-api\system\CodeIgniter.php(177): CodeIgniter\CodeIgniter->resolvePlatformExtensions()
#2 D:\Soft\xampp8\htdocs\php-message-api\system\bootstrap.php(146): CodeIgniter\CodeIgniter->initialize()
#3 D:\Soft\xampp8\htdocs\php-message-api\public\index.php(28): require('D:\\Soft\\xampp8\\...')
#4 {main}
CRITICAL - 2022-01-03 19:52:37 --> Uncaught ErrorException: strtolower(): Passing null to parameter #1 ($string) of type string is deprecated in D:\Soft\xampp8\htdocs\php-message-api\system\Validation\FormatRules.php:253
Stack trace:
#0 [internal function]: CodeIgniter\Debug\Exceptions->errorHandler(8192, 'strtolower(): P...', 'D:\\Soft\\xampp8\\...', 253)
#1 D:\Soft\xampp8\htdocs\php-message-api\system\Validation\FormatRules.php(253): strtolower(NULL)
#2 D:\Soft\xampp8\htdocs\php-message-api\system\HTTP\RequestTrait.php(151): CodeIgniter\Validation\FormatRules->valid_ip('127.0.0.1')
#3 D:\Soft\xampp8\htdocs\php-message-api\app\Views\errors\html\error_exception.php(206): CodeIgniter\HTTP\Request->getIPAddress()
#4 D:\Soft\xampp8\htdocs\php-message-api\system\Debug\Exceptions.php(229): include('D:\\Soft\\xampp8\\...')
#5 D:\Soft\xampp8\htdocs\php-message-api\system\Debug\Exceptions.php(232): CodeIgniter\Debug\Exceptions->CodeIgniter\Debug\{closure}()
#6 D:\Soft\xampp8\htdocs\php-message-api\system\Debug\Exceptions.php(116): CodeIgniter\Debug\Exceptions->render(Object(CodeIgniter\Exceptions\FrameworkException), 500)
#7 [internal function]: CodeIgniter\Debug\Exceptions->exceptionHandler(Object(CodeIgniter\Exceptions\FrameworkException))
#8 {main}
  thrown
#0 [internal function]: CodeIgniter\Debug\Exceptions->shutdownHandler()
#1 {main}
CRITICAL - 2022-01-03 19:52:37 --> The framework needs the following extension(s) installed and loaded: intl.
#0 D:\Soft\xampp8\htdocs\php-message-api\system\CodeIgniter.php(219): CodeIgniter\Exceptions\FrameworkException::forMissingExtension('intl')
#1 D:\Soft\xampp8\htdocs\php-message-api\system\CodeIgniter.php(177): CodeIgniter\CodeIgniter->resolvePlatformExtensions()
#2 D:\Soft\xampp8\htdocs\php-message-api\system\bootstrap.php(146): CodeIgniter\CodeIgniter->initialize()
#3 D:\Soft\xampp8\htdocs\php-message-api\public\index.php(28): require('D:\\Soft\\xampp8\\...')
#4 {main}
CRITICAL - 2022-01-03 19:52:37 --> Uncaught ErrorException: strtolower(): Passing null to parameter #1 ($string) of type string is deprecated in D:\Soft\xampp8\htdocs\php-message-api\system\Validation\FormatRules.php:253
Stack trace:
#0 [internal function]: CodeIgniter\Debug\Exceptions->errorHandler(8192, 'strtolower(): P...', 'D:\\Soft\\xampp8\\...', 253)
#1 D:\Soft\xampp8\htdocs\php-message-api\system\Validation\FormatRules.php(253): strtolower(NULL)
#2 D:\Soft\xampp8\htdocs\php-message-api\system\HTTP\RequestTrait.php(151): CodeIgniter\Validation\FormatRules->valid_ip('127.0.0.1')
#3 D:\Soft\xampp8\htdocs\php-message-api\app\Views\errors\html\error_exception.php(206): CodeIgniter\HTTP\Request->getIPAddress()
#4 D:\Soft\xampp8\htdocs\php-message-api\system\Debug\Exceptions.php(229): include('D:\\Soft\\xampp8\\...')
#5 D:\Soft\xampp8\htdocs\php-message-api\system\Debug\Exceptions.php(232): CodeIgniter\Debug\Exceptions->CodeIgniter\Debug\{closure}()
#6 D:\Soft\xampp8\htdocs\php-message-api\system\Debug\Exceptions.php(116): CodeIgniter\Debug\Exceptions->render(Object(CodeIgniter\Exceptions\FrameworkException), 500)
#7 [internal function]: CodeIgniter\Debug\Exceptions->exceptionHandler(Object(CodeIgniter\Exceptions\FrameworkException))
#8 {main}
  thrown
#0 [internal function]: CodeIgniter\Debug\Exceptions->shutdownHandler()
#1 {main}
CRITICAL - 2022-01-03 19:52:38 --> The framework needs the following extension(s) installed and loaded: intl.
#0 D:\Soft\xampp8\htdocs\php-message-api\system\CodeIgniter.php(219): CodeIgniter\Exceptions\FrameworkException::forMissingExtension('intl')
#1 D:\Soft\xampp8\htdocs\php-message-api\system\CodeIgniter.php(177): CodeIgniter\CodeIgniter->resolvePlatformExtensions()
#2 D:\Soft\xampp8\htdocs\php-message-api\system\bootstrap.php(146): CodeIgniter\CodeIgniter->initialize()
#3 D:\Soft\xampp8\htdocs\php-message-api\public\index.php(28): require('D:\\Soft\\xampp8\\...')
#4 {main}
CRITICAL - 2022-01-03 19:52:38 --> Uncaught ErrorException: strtolower(): Passing null to parameter #1 ($string) of type string is deprecated in D:\Soft\xampp8\htdocs\php-message-api\system\Validation\FormatRules.php:253
Stack trace:
#0 [internal function]: CodeIgniter\Debug\Exceptions->errorHandler(8192, 'strtolower(): P...', 'D:\\Soft\\xampp8\\...', 253)
#1 D:\Soft\xampp8\htdocs\php-message-api\system\Validation\FormatRules.php(253): strtolower(NULL)
#2 D:\Soft\xampp8\htdocs\php-message-api\system\HTTP\RequestTrait.php(151): CodeIgniter\Validation\FormatRules->valid_ip('127.0.0.1')
#3 D:\Soft\xampp8\htdocs\php-message-api\app\Views\errors\html\error_exception.php(206): CodeIgniter\HTTP\Request->getIPAddress()
#4 D:\Soft\xampp8\htdocs\php-message-api\system\Debug\Exceptions.php(229): include('D:\\Soft\\xampp8\\...')
#5 D:\Soft\xampp8\htdocs\php-message-api\system\Debug\Exceptions.php(232): CodeIgniter\Debug\Exceptions->CodeIgniter\Debug\{closure}()
#6 D:\Soft\xampp8\htdocs\php-message-api\system\Debug\Exceptions.php(116): CodeIgniter\Debug\Exceptions->render(Object(CodeIgniter\Exceptions\FrameworkException), 500)
#7 [internal function]: CodeIgniter\Debug\Exceptions->exceptionHandler(Object(CodeIgniter\Exceptions\FrameworkException))
#8 {main}
  thrown
#0 [internal function]: CodeIgniter\Debug\Exceptions->shutdownHandler()
#1 {main}
